#
# There is insufficient memory for the Java Runtime Environment to continue.
# Native memory allocation (malloc) failed to allocate 1155376 bytes for Chunk::new
# Possible reasons:
#   The system is out of physical RAM or swap space
#   In 32 bit mode, the process size limit was hit
# Possible solutions:
#   Reduce memory load on the system
#   Increase physical memory or swap space
#   Check if swap backing store is full
#   Use 64 bit Java on a 64 bit OS
#   Decrease Java heap size (-Xmx/-Xms)
#   Decrease number of Java threads
#   Decrease Java thread stack sizes (-Xss)
#   Set larger code cache with -XX:ReservedCodeCacheSize=
# This output file may be truncated or incomplete.
#
#  Out of Memory Error (allocation.cpp:390), pid=7256, tid=4672
#
# JRE version: Java(TM) SE Runtime Environment (8.0_60-b27) (build 1.8.0_60-b27)
# Java VM: Java HotSpot(TM) 64-Bit Server VM (25.60-b23 mixed mode windows-amd64 compressed oops)
# Failed to write core dump. Minidumps are not enabled by default on client versions of Windows
#

---------------  T H R E A D  ---------------

Current thread (0x000000001ddf7800):  JavaThread "C2 CompilerThread0" daemon [_thread_in_native, id=4672, stack(0x000000001e3d0000,0x000000001e4d0000)]

Stack: [0x000000001e3d0000,0x000000001e4d0000]
[error occurred during error reporting (printing stack bounds), id 0xc0000005]

Native frames: (J=compiled Java code, j=interpreted, Vv=VM code, C=native code)


Current CompileTask:
C2:  21868 2735       4       com.android.dx.cf.direct.StdAttributeFactory::parse0 (532 bytes)


---------------  P R O C E S S  ---------------

Java Threads: ( => current thread )
  0x000000001edee000 JavaThread "pool-1-thread-2" [_thread_in_native, id=6072, stack(0x0000000020300000,0x0000000020400000)]
  0x00000000227f5800 JavaThread "pool-1-thread-1" [_thread_in_Java, id=8148, stack(0x0000000021670000,0x0000000021770000)]
  0x000000001de51800 JavaThread "Service Thread" daemon [_thread_blocked, id=3496, stack(0x000000001e7d0000,0x000000001e8d0000)]
  0x000000001de0d800 JavaThread "C1 CompilerThread3" daemon [_thread_blocked, id=200, stack(0x000000001e6d0000,0x000000001e7d0000)]
  0x000000001de02000 JavaThread "C2 CompilerThread2" daemon [_thread_in_native, id=7316, stack(0x000000001e5d0000,0x000000001e6d0000)]
  0x000000001ddfb000 JavaThread "C2 CompilerThread1" daemon [_thread_in_native, id=900, stack(0x000000001e4d0000,0x000000001e5d0000)]
=>0x000000001ddf7800 JavaThread "C2 CompilerThread0" daemon [_thread_in_native, id=4672, stack(0x000000001e3d0000,0x000000001e4d0000)]
  0x000000001ddf5800 JavaThread "Attach Listener" daemon [_thread_blocked, id=1116, stack(0x000000001e2d0000,0x000000001e3d0000)]
  0x000000001ddf4800 JavaThread "Signal Dispatcher" daemon [_thread_blocked, id=5708, stack(0x000000001e1d0000,0x000000001e2d0000)]
  0x000000000208a000 JavaThread "Finalizer" daemon [_thread_blocked, id=7712, stack(0x000000001daa0000,0x000000001dba0000)]
  0x0000000002082000 JavaThread "Reference Handler" daemon [_thread_blocked, id=4736, stack(0x000000001d9a0000,0x000000001daa0000)]
  0x0000000001f90800 JavaThread "main" [_thread_blocked, id=2932, stack(0x0000000001e90000,0x0000000001f90000)]

Other Threads:
  0x000000001bba9800 VMThread [stack: 0x000000001d8a0000,0x000000001d9a0000] [id=6068]
  0x000000001de53800 WatcherThread [stack: 0x000000001e8d0000,0x000000001e9d0000] [id=7500]

VM state:not at safepoint (normal execution)

VM Mutex/Monitor currently owned by a thread: None

Heap:
 PSYoungGen      total 954880K, used 445701K [0x000000076ab00000, 0x00000007b6100000, 0x00000007c0000000)
  eden space 718848K, 34% used [0x000000076ab00000,0x0000000779d99480,0x0000000796900000)
  from space 236032K, 83% used [0x0000000796900000,0x00000007a29a8180,0x00000007a4f80000)
  to   space 207360K, 0% used [0x00000007a4f80000,0x00000007a4f80000,0x00000007b1a00000)
 ParOldGen       total 807424K, used 517345K [0x00000006c0000000, 0x00000006f1480000, 0x000000076ab00000)
  object space 807424K, 64% used [0x00000006c0000000,0x00000006df9386e0,0x00000006f1480000)
 Metaspace       used 7274K, capacity 7864K, committed 8192K, reserved 1056768K
  class space    used 656K, capacity 688K, committed 768K, reserved 1048576K

Card table byte_map: [0x0000000011450000,0x0000000011c60000] byte_map_base: 0x000000000de50000

Marking Bits: (ParMarkBitMap*) 0x000000005df9a5b0
 Begin Bits: [0x00000000129c0000, 0x00000000169c0000)
 End Bits:   [0x00000000169c0000, 0x000000001a9c0000)

Polling page: 0x0000000000690000

CodeCache: size=245760Kb used=11867Kb max_used=14447Kb free=233892Kb
 bounds [0x0000000002090000, 0x0000000002ee0000, 0x0000000011090000]
 total_blobs=3173 nmethods=2902 adapters=183
 compilation: enabled

Compilation events (10 events):
Event: 20.740 Thread 0x000000001de0d800 3699       2       com.android.dx.util.ByteArrayAnnotatedOutput::write (9 bytes)
Event: 20.740 Thread 0x000000001de0d800 nmethod 3699 0x0000000002496950 code [0x0000000002496ac0, 0x0000000002496c48]
Event: 20.740 Thread 0x000000001de0d800 3700       2       com.android.dx.dex.file.DebugInfoItem::writeTo0 (58 bytes)
Event: 20.741 Thread 0x000000001de0d800 nmethod 3700 0x00000000024aacd0 code [0x00000000024aaf40, 0x00000000024ab8e8]
Event: 20.742 Thread 0x000000001de0d800 3701       1       com.android.dx.rop.annotation.Annotation::getVisibility (5 bytes)
Event: 20.742 Thread 0x000000001de0d800 nmethod 3701 0x00000000028d9490 code [0x00000000028d95e0, 0x00000000028d96f0]
Event: 20.742 Thread 0x000000001de0d800 3702       2       com.android.dx.dex.file.AnnotationItem::writeTo0 (191 bytes)
Event: 20.743 Thread 0x000000001de0d800 nmethod 3702 0x0000000002d0b490 code [0x0000000002d0b760, 0x0000000002d0c438]
Event: 20.743 Thread 0x000000001de0d800 3703       2       com.android.dx.dex.file.ClassDataItem::writeTo0 (31 bytes)
Event: 20.743 Thread 0x000000001de0d800 nmethod 3703 0x00000000024aa790 code [0x00000000024aa900, 0x00000000024aab38]

GC Heap History (10 events):
Event: 12.817 GC heap before
{Heap before GC invocations=15 (full 3):
 PSYoungGen      total 716288K, used 617348K [0x000000076ab00000, 0x00000007a6300000, 0x00000007c0000000)
  eden space 584704K, 100% used [0x000000076ab00000,0x000000078e600000,0x000000078e600000)
  from space 131584K, 24% used [0x000000078e600000,0x00000007905e10e8,0x0000000796680000)
  to   space 140288K, 0% used [0x000000079da00000,0x000000079da00000,0x00000007a6300000)
 ParOldGen       total 517632K, used 310593K [0x00000006c0000000, 0x00000006df980000, 0x000000076ab00000)
  object space 517632K, 60% used [0x00000006c0000000,0x00000006d2f50558,0x00000006df980000)
 Metaspace       used 6647K, capacity 7320K, committed 7680K, reserved 1056768K
  class space    used 625K, capacity 656K, committed 768K, reserved 1048576K
Event: 12.960 GC heap after
Heap after GC invocations=15 (full 3):
 PSYoungGen      total 788480K, used 117039K [0x000000076ab00000, 0x00000007a5c00000, 0x00000007c0000000)
  eden space 655360K, 0% used [0x000000076ab00000,0x000000076ab00000,0x0000000792b00000)
  from space 133120K, 87% used [0x000000079da00000,0x00000007a4c4be28,0x00000007a5c00000)
  to   space 156160K, 0% used [0x0000000792b00000,0x0000000792b00000,0x000000079c380000)
 ParOldGen       total 517632K, used 310601K [0x00000006c0000000, 0x00000006df980000, 0x000000076ab00000)
  object space 517632K, 60% used [0x00000006c0000000,0x00000006d2f52558,0x00000006df980000)
 Metaspace       used 6647K, capacity 7320K, committed 7680K, reserved 1056768K
  class space    used 625K, capacity 656K, committed 768K, reserved 1048576K
}
Event: 13.968 GC heap before
{Heap before GC invocations=16 (full 3):
 PSYoungGen      total 788480K, used 772399K [0x000000076ab00000, 0x00000007a5c00000, 0x00000007c0000000)
  eden space 655360K, 100% used [0x000000076ab00000,0x0000000792b00000,0x0000000792b00000)
  from space 133120K, 87% used [0x000000079da00000,0x00000007a4c4be28,0x00000007a5c00000)
  to   space 156160K, 0% used [0x0000000792b00000,0x0000000792b00000,0x000000079c380000)
 ParOldGen       total 517632K, used 310601K [0x00000006c0000000, 0x00000006df980000, 0x000000076ab00000)
  object space 517632K, 60% used [0x00000006c0000000,0x00000006d2f52558,0x00000006df980000)
 Metaspace       used 6651K, capacity 7320K, committed 7680K, reserved 1056768K
  class space    used 625K, capacity 656K, committed 768K, reserved 1048576K
Event: 14.151 GC heap after
Heap after GC invocations=16 (full 3):
 PSYoungGen      total 811520K, used 156150K [0x000000076ab00000, 0x00000007b1a00000, 0x00000007c0000000)
  eden space 655360K, 0% used [0x000000076ab00000,0x000000076ab00000,0x0000000792b00000)
  from space 156160K, 99% used [0x0000000792b00000,0x000000079c37dac0,0x000000079c380000)
  to   space 207360K, 0% used [0x00000007a4f80000,0x00000007a4f80000,0x00000007b1a00000)
 ParOldGen       total 517632K, used 375441K [0x00000006c0000000, 0x00000006df980000, 0x000000076ab00000)
  object space 517632K, 72% used [0x00000006c0000000,0x00000006d6ea4640,0x00000006df980000)
 Metaspace       used 6651K, capacity 7320K, committed 7680K, reserved 1056768K
  class space    used 625K, capacity 656K, committed 768K, reserved 1048576K
}
Event: 15.221 GC heap before
{Heap before GC invocations=17 (full 3):
 PSYoungGen      total 811520K, used 811510K [0x000000076ab00000, 0x00000007b1a00000, 0x00000007c0000000)
  eden space 655360K, 100% used [0x000000076ab00000,0x0000000792b00000,0x0000000792b00000)
  from space 156160K, 99% used [0x0000000792b00000,0x000000079c37dac0,0x000000079c380000)
  to   space 207360K, 0% used [0x00000007a4f80000,0x00000007a4f80000,0x00000007b1a00000)
 ParOldGen       total 517632K, used 375441K [0x00000006c0000000, 0x00000006df980000, 0x000000076ab00000)
  object space 517632K, 72% used [0x00000006c0000000,0x00000006d6ea4640,0x00000006df980000)
 Metaspace       used 6663K, capacity 7320K, committed 7680K, reserved 1056768K
  class space    used 627K, capacity 656K, committed 768K, reserved 1048576K
Event: 15.476 GC heap after
Heap after GC invocations=17 (full 3):
 PSYoungGen      total 926208K, used 186644K [0x000000076ab00000, 0x00000007b6100000, 0x00000007c0000000)
  eden space 718848K, 0% used [0x000000076ab00000,0x000000076ab00000,0x0000000796900000)
  from space 207360K, 90% used [0x00000007a4f80000,0x00000007b05c52b8,0x00000007b1a00000)
  to   space 236032K, 0% used [0x0000000796900000,0x0000000796900000,0x00000007a4f80000)
 ParOldGen       total 517632K, used 447265K [0x00000006c0000000, 0x00000006df980000, 0x000000076ab00000)
  object space 517632K, 86% used [0x00000006c0000000,0x00000006db4c86e8,0x00000006df980000)
 Metaspace       used 6663K, capacity 7320K, committed 7680K, reserved 1056768K
  class space    used 627K, capacity 656K, committed 768K, reserved 1048576K
}
Event: 15.476 GC heap before
{Heap before GC invocations=18 (full 4):
 PSYoungGen      total 926208K, used 186644K [0x000000076ab00000, 0x00000007b6100000, 0x00000007c0000000)
  eden space 718848K, 0% used [0x000000076ab00000,0x000000076ab00000,0x0000000796900000)
  from space 207360K, 90% used [0x00000007a4f80000,0x00000007b05c52b8,0x00000007b1a00000)
  to   space 236032K, 0% used [0x0000000796900000,0x0000000796900000,0x00000007a4f80000)
 ParOldGen       total 517632K, used 447265K [0x00000006c0000000, 0x00000006df980000, 0x000000076ab00000)
  object space 517632K, 86% used [0x00000006c0000000,0x00000006db4c86e8,0x00000006df980000)
 Metaspace       used 6663K, capacity 7320K, committed 7680K, reserved 1056768K
  class space    used 627K, capacity 656K, committed 768K, reserved 1048576K
Event: 18.218 GC heap after
Heap after GC invocations=18 (full 4):
 PSYoungGen      total 926208K, used 107661K [0x000000076ab00000, 0x00000007b6100000, 0x00000007c0000000)
  eden space 718848K, 0% used [0x000000076ab00000,0x000000076ab00000,0x0000000796900000)
  from space 207360K, 51% used [0x00000007a4f80000,0x00000007ab8a3498,0x00000007b1a00000)
  to   space 236032K, 0% used [0x0000000796900000,0x0000000796900000,0x00000007a4f80000)
 ParOldGen       total 807424K, used 517337K [0x00000006c0000000, 0x00000006f1480000, 0x000000076ab00000)
  object space 807424K, 64% used [0x00000006c0000000,0x00000006df9366e0,0x00000006f1480000)
 Metaspace       used 6663K, capacity 7320K, committed 7680K, reserved 1056768K
  class space    used 627K, capacity 656K, committed 768K, reserved 1048576K
}
Event: 19.377 GC heap before
{Heap before GC invocations=19 (full 4):
 PSYoungGen      total 926208K, used 826509K [0x000000076ab00000, 0x00000007b6100000, 0x00000007c0000000)
  eden space 718848K, 100% used [0x000000076ab00000,0x0000000796900000,0x0000000796900000)
  from space 207360K, 51% used [0x00000007a4f80000,0x00000007ab8a3498,0x00000007b1a00000)
  to   space 236032K, 0% used [0x0000000796900000,0x0000000796900000,0x00000007a4f80000)
 ParOldGen       total 807424K, used 517337K [0x00000006c0000000, 0x00000006f1480000, 0x000000076ab00000)
  object space 807424K, 64% used [0x00000006c0000000,0x00000006df9366e0,0x00000006f1480000)
 Metaspace       used 6815K, capacity 7448K, committed 7680K, reserved 1056768K
  class space    used 637K, capacity 656K, committed 768K, reserved 1048576K
Event: 19.647 GC heap after
Heap after GC invocations=19 (full 4):
 PSYoungGen      total 954880K, used 197280K [0x000000076ab00000, 0x00000007b6100000, 0x00000007c0000000)
  eden space 718848K, 0% used [0x000000076ab00000,0x000000076ab00000,0x0000000796900000)
  from space 236032K, 83% used [0x0000000796900000,0x00000007a29a8180,0x00000007a4f80000)
  to   space 207360K, 0% used [0x00000007a4f80000,0x00000007a4f80000,0x00000007b1a00000)
 ParOldGen       total 807424K, used 517345K [0x00000006c0000000, 0x00000006f1480000, 0x000000076ab00000)
  object space 807424K, 64% used [0x00000006c0000000,0x00000006df9386e0,0x00000006f1480000)
 Metaspace       used 6815K, capacity 7448K, committed 7680K, reserved 1056768K
  class space    used 637K, capacity 656K, committed 768K, reserved 1048576K
}

Deoptimization events (10 events):
Event: 19.052 Thread 0x000000001ed42000 Uncommon trap: reason=class_check action=maybe_recompile pc=0x00000000021f0624 method=com.android.dx.ssa.LiteralOpUpgrader.isConstIntZeroOrKnownNull(Lcom/android/dx/rop/code/RegisterSpec;)Z @ 13
Event: 19.193 Thread 0x000000001ed42000 Uncommon trap: reason=unstable_if action=reinterpret pc=0x00000000022059ac method=com.android.dx.cf.code.Merger.mergeType(Lcom/android/dx/rop/type/TypeBearer;Lcom/android/dx/rop/type/TypeBearer;)Lcom/android/dx/rop/type/TypeBearer; @ 52
Event: 20.088 Thread 0x000000001edee000 Uncommon trap: reason=unstable_if action=reinterpret pc=0x0000000002909eac method=com.android.dx.rop.code.RegisterSpecSet.equals(Ljava/lang/Object;)Z @ 30
Event: 20.101 Thread 0x000000001edee000 Uncommon trap: reason=speculate_class_check action=maybe_recompile pc=0x00000000024388a8 method=com.android.dx.util.FixedSizeList.equals(Ljava/lang/Object;)Z @ 25
Event: 20.101 Thread 0x000000001edee000 Uncommon trap: reason=class_check action=maybe_recompile pc=0x0000000002da8924 method=java.util.Arrays.equals([Ljava/lang/Object;[Ljava/lang/Object;)Z @ 62
Event: 20.101 Thread 0x000000001edee000 Uncommon trap: reason=speculate_class_check action=maybe_recompile pc=0x00000000024388a8 method=com.android.dx.util.FixedSizeList.equals(Ljava/lang/Object;)Z @ 25
Event: 20.101 Thread 0x000000001edee000 Uncommon trap: reason=unstable_if action=reinterpret pc=0x0000000002da895c method=java.util.Arrays.equals([Ljava/lang/Object;[Ljava/lang/Object;)Z @ 23
Event: 20.107 Thread 0x000000001edee000 Uncommon trap: reason=speculate_class_check action=maybe_recompile pc=0x00000000024388a8 method=com.android.dx.util.FixedSizeList.equals(Ljava/lang/Object;)Z @ 25
Event: 20.108 Thread 0x000000001edee000 Uncommon trap: reason=speculate_class_check action=maybe_recompile pc=0x00000000024388a8 method=com.android.dx.util.FixedSizeList.equals(Ljava/lang/Object;)Z @ 25
Event: 20.108 Thread 0x000000001edee000 Uncommon trap: reason=unstable_if action=reinterpret pc=0x00000000028ff500 method=java.util.TreeMap.put(Ljava/lang/Object;Ljava/lang/Object;)Ljava/lang/Object; @ 163

Internal exceptions (10 events):
Event: 2.311 Thread 0x000000001eb26000 Implicit null exception at 0x00000000023e3556 to 0x00000000023e5a31
Event: 2.360 Thread 0x000000001eeb6800 Implicit null exception at 0x000000000243b8b5 to 0x000000000243ba7d
Event: 3.214 Thread 0x000000001ed42000 Exception <a 'java/lang/ArrayIndexOutOfBoundsException': 18> (0x00000007722a2068) thrown at [C:\re\workspace\8-2-build-windows-amd64-cygwin\jdk8u60\4407\hotspot\src\share\vm\interpreter\interpreterRuntime.cpp, line 366]
Event: 3.215 Thread 0x000000001ed42000 Exception <a 'java/lang/ArrayIndexOutOfBoundsException': 145> (0x00000007722a3be8) thrown at [C:\re\workspace\8-2-build-windows-amd64-cygwin\jdk8u60\4407\hotspot\src\share\vm\interpreter\interpreterRuntime.cpp, line 366]
Event: 3.216 Thread 0x000000001ed42000 Exception <a 'java/lang/ArrayIndexOutOfBoundsException': 40> (0x00000007722a4ed0) thrown at [C:\re\workspace\8-2-build-windows-amd64-cygwin\jdk8u60\4407\hotspot\src\share\vm\interpreter\interpreterRuntime.cpp, line 366]
Event: 6.610 Thread 0x000000001eeb6800 Implicit null exception at 0x0000000002a3679b to 0x0000000002a3a45d
Event: 6.611 Thread 0x000000001eeb6800 Implicit null exception at 0x0000000002876d1a to 0x0000000002877081
Event: 6.611 Thread 0x000000001eeb6800 Implicit null exception at 0x0000000002743723 to 0x0000000002745055
Event: 7.089 Thread 0x0000000001f90800 Implicit null exception at 0x0000000002204cd8 to 0x0000000002205661
Event: 13.043 Thread 0x000000001eb26000 Implicit null exception at 0x0000000002437818 to 0x0000000002437c89

Events (10 events):
Event: 20.741 loading class com/android/dx/dex/file/AnnotationItem$1
Event: 20.741 loading class com/android/dx/dex/file/AnnotationItem$1 done
Event: 20.742 loading class java/security/MessageDigest
Event: 20.742 loading class java/security/MessageDigestSpi
Event: 20.742 loading class java/security/MessageDigestSpi done
Event: 20.742 loading class java/security/MessageDigest done
Event: 20.742 loading class java/security/Security
Event: 20.743 loading class java/security/Security done
Event: 20.743 loading class java/security/Security$1
Event: 20.743 loading class java/security/Security$1 done


Dynamic libraries:
0x00007ff6c4450000 - 0x00007ff6c4487000 	C:\Program Files\Java\jdk1.8.0_60\bin\java.exe
0x00007ffc4ffe0000 - 0x00007ffc50186000 	C:\Windows\SYSTEM32\ntdll.dll
0x00007ffc4ee60000 - 0x00007ffc4ef9a000 	C:\Windows\system32\KERNEL32.DLL
0x00007ffc4d420000 - 0x00007ffc4d52f000 	C:\Windows\system32\KERNELBASE.dll
0x00007ffc4bf60000 - 0x00007ffc4bfe8000 	C:\Windows\system32\apphelp.dll
0x00007ffc40400000 - 0x00007ffc4044f000 	C:\Windows\AppPatch\AppPatch64\AcGenral.DLL
0x00007ffc4f050000 - 0x00007ffc4f0f7000 	C:\Windows\system32\msvcrt.dll
0x00007ffc4d200000 - 0x00007ffc4d22b000 	C:\Windows\SYSTEM32\SspiCli.dll
0x00007ffc4f100000 - 0x00007ffc4f151000 	C:\Windows\system32\SHLWAPI.dll
0x00007ffc4f990000 - 0x00007ffc4fb01000 	C:\Windows\system32\USER32.dll
0x00007ffc4f810000 - 0x00007ffc4f988000 	C:\Windows\system32\ole32.dll
0x00007ffc4d900000 - 0x00007ffc4ed0f000 	C:\Windows\system32\SHELL32.dll
0x00007ffc4c980000 - 0x00007ffc4c99e000 	C:\Windows\SYSTEM32\USERENV.dll
0x00007ffc4efa0000 - 0x00007ffc4f045000 	C:\Windows\system32\ADVAPI32.dll
0x00007ffc3a210000 - 0x00007ffc3a22b000 	C:\Windows\SYSTEM32\MPR.dll
0x00007ffc4f160000 - 0x00007ffc4f297000 	C:\Windows\system32\RPCRT4.dll
0x00007ffc4ff80000 - 0x00007ffc4ffd7000 	C:\Windows\SYSTEM32\sechost.dll
0x00007ffc4f2a0000 - 0x00007ffc4f476000 	C:\Windows\SYSTEM32\combase.dll
0x00007ffc4f620000 - 0x00007ffc4f764000 	C:\Windows\system32\GDI32.dll
0x00007ffc4d350000 - 0x00007ffc4d364000 	C:\Windows\SYSTEM32\profapi.dll
0x00007ffc4b970000 - 0x00007ffc4ba0f000 	C:\Windows\SYSTEM32\SHCORE.dll
0x00007ffc4d860000 - 0x00007ffc4d894000 	C:\Windows\system32\IMM32.DLL
0x00007ffc4f480000 - 0x00007ffc4f5b9000 	C:\Windows\system32\MSCTF.dll
0x00007ffc4b540000 - 0x00007ffc4b79a000 	C:\Windows\WinSxS\amd64_microsoft.windows.common-controls_6595b64144ccf1df_6.0.9600.17031_none_6242a4b3ecbb55a1\COMCTL32.dll
0x000000005ce40000 - 0x000000005cf12000 	C:\Program Files\Java\jdk1.8.0_60\jre\bin\msvcr100.dll
0x000000005d790000 - 0x000000005e019000 	C:\Program Files\Java\jdk1.8.0_60\jre\bin\server\jvm.dll
0x00007ffc2d6c0000 - 0x00007ffc2d6c9000 	C:\Windows\SYSTEM32\WSOCK32.dll
0x00007ffc4b000000 - 0x00007ffc4b01f000 	C:\Windows\SYSTEM32\WINMM.dll
0x00007ffc4b020000 - 0x00007ffc4b02a000 	C:\Windows\SYSTEM32\VERSION.dll
0x00007ffc4ff50000 - 0x00007ffc4ff57000 	C:\Windows\system32\PSAPI.DLL
0x00007ffc4d8a0000 - 0x00007ffc4d8f8000 	C:\Windows\system32\WS2_32.dll
0x00007ffc4ae40000 - 0x00007ffc4ae6a000 	C:\Windows\SYSTEM32\WINMMBASE.dll
0x00007ffc4ff60000 - 0x00007ffc4ff69000 	C:\Windows\system32\NSI.dll
0x00007ffc4d5e0000 - 0x00007ffc4d62a000 	C:\Windows\SYSTEM32\cfgmgr32.dll
0x00007ffc4c1b0000 - 0x00007ffc4c1d6000 	C:\Windows\SYSTEM32\DEVOBJ.dll
0x000000005d780000 - 0x000000005d78f000 	C:\Program Files\Java\jdk1.8.0_60\jre\bin\verify.dll
0x000000005d750000 - 0x000000005d779000 	C:\Program Files\Java\jdk1.8.0_60\jre\bin\java.dll
0x000000005d730000 - 0x000000005d746000 	C:\Program Files\Java\jdk1.8.0_60\jre\bin\zip.dll

VM Arguments:
jvm_args: -Djava.awt.headless=true -Xmx4g -Dfile.encoding=windows-1252 -Duser.country=US -Duser.language=en -Duser.variant 
java_command: com.android.dx.command.Main --dex --num-threads=4 --multi-dex --main-dex-list C:\Users\chanpc\Downloads\reportapp\app\build\intermediates\multi-dex\debug\maindexlist.txt --output C:\Users\chanpc\Downloads\reportapp\app\build\intermediates\transforms\dex\debug\folders\1000\1f\main C:\Users\chanpc\Downloads\reportapp\app\build\intermediates\transforms\jarMerging\debug\jars\1\1f\combined.jar
java_class_path (initial): C:\Users\chanpc\Documents\SDK\build-tools\23.0.2\lib\dx.jar
Launcher Type: SUN_STANDARD

Environment Variables:
PATH=C:\ProgramData\Oracle\Java\javapath;C:\Program Files (x86)\Intel\iCLS Client\;C:\Program Files\Intel\iCLS Client\;C:\Program Files (x86)\NVIDIA Corporation\PhysX\Common;C:\Windows\system32;C:\Windows;C:\Windows\System32\Wbem;C:\Windows\System32\WindowsPowerShell\v1.0\;C:\Program Files\Intel\Intel(R) Management Engine Components\DAL;C:\Program Files\Intel\Intel(R) Management Engine Components\IPT;C:\Program Files (x86)\Intel\Intel(R) Management Engine Components\DAL;C:\Program Files (x86)\Intel\Intel(R) Management Engine Components\IPT;C:\Program Files (x86)\Windows Kits\8.1\Windows Performance Toolkit\;C:\Program Files\nodejs\;C:\Program Files\Git\cmd;C:\Program Files\MongoDB\Server\3.2\bin;C:\Users\chanpc\AppData\Roaming\npm
USERNAME=chanpc
OS=Windows_NT
PROCESSOR_IDENTIFIER=Intel64 Family 6 Model 60 Stepping 3, GenuineIntel



---------------  S Y S T E M  ---------------

OS: Windows 8.1 , 64 bit Build 9600 (6.3.9600.17056)

CPU:total 8 (4 cores per cpu, 2 threads per core) family 6 model 60 stepping 3, cmov, cx8, fxsr, mmx, sse, sse2, sse3, ssse3, sse4.1, sse4.2, popcnt, avx, avx2, aes, clmul, erms, lzcnt, ht, tsc, tscinvbit, bmi1, bmi2

Memory: 4k page, physical 8281452k(447580k free), swap 11427180k(5328k free)

vm_info: Java HotSpot(TM) 64-Bit Server VM (25.60-b23) for windows-amd64 JRE (1.8.0_60-b27), built on Aug  4 2015 11:06:27 by "java_re" with MS VC++ 10.0 (VS2010)

time: Wed Aug 24 10:52:56 2016
elapsed time: 22 seconds (0d 0h 0m 22s)

