#
# There is insufficient memory for the Java Runtime Environment to continue.
# Native memory allocation (malloc) failed to allocate 1048576 bytes for AllocateHeap
# Possible reasons:
#   The system is out of physical RAM or swap space
#   In 32 bit mode, the process size limit was hit
# Possible solutions:
#   Reduce memory load on the system
#   Increase physical memory or swap space
#   Check if swap backing store is full
#   Use 64 bit Java on a 64 bit OS
#   Decrease Java heap size (-Xmx/-Xms)
#   Decrease number of Java threads
#   Decrease Java thread stack sizes (-Xss)
#   Set larger code cache with -XX:ReservedCodeCacheSize=
# This output file may be truncated or incomplete.
#
#  Out of Memory Error (memory/allocation.inline.hpp:61), pid=1344, tid=7256
#
# JRE version:  (8.0_60-b27) (build )
# Java VM: Java HotSpot(TM) 64-Bit Server VM (25.60-b23 mixed mode windows-amd64 compressed oops)
# Failed to write core dump. Minidumps are not enabled by default on client versions of Windows
#

---------------  T H R E A D  ---------------

Current thread (0x0000000002530800):  JavaThread "Unknown thread" [_thread_in_vm, id=7256, stack(0x0000000002360000,0x0000000002460000)]

Stack: [0x0000000002360000,0x0000000002460000]
[error occurred during error reporting (printing stack bounds), id 0xc0000005]

Native frames: (J=compiled Java code, j=interpreted, Vv=VM code, C=native code)


---------------  P R O C E S S  ---------------

Java Threads: ( => current thread )

Other Threads:

=>0x0000000002530800 (exited) JavaThread "Unknown thread" [_thread_in_vm, id=7256, stack(0x0000000002360000,0x0000000002460000)]

VM state:not at safepoint (normal execution)

VM Mutex/Monitor currently owned by a thread: None

Heap:
 PSYoungGen      total 38400K, used 665K [0x000000076ab00000, 0x000000076d580000, 0x00000007c0000000)
  eden space 33280K, 2% used [0x000000076ab00000,0x000000076aba6670,0x000000076cb80000)
  from space 5120K, 0% used [0x000000076d080000,0x000000076d080000,0x000000076d580000)
  to   space 5120K, 0% used [0x000000076cb80000,0x000000076cb80000,0x000000076d080000)
 ParOldGen       total 87552K, used 0K [0x00000006c0000000, 0x00000006c5580000, 0x000000076ab00000)
  object space 87552K, 0% used [0x00000006c0000000,0x00000006c0000000,0x00000006c5580000)
 Metaspace       used 767K, capacity 4480K, committed 4480K, reserved 1056768K
  class space    used 75K, capacity 384K, committed 384K, reserved 1048576K

Card table byte_map: [0x00000000119f0000,0x0000000012200000] byte_map_base: 0x000000000e3f0000

Marking Bits: (ParMarkBitMap*) 0x000000005df9a5b0
 Begin Bits: [0x0000000012f60000, 0x0000000016f60000)
 End Bits:   [0x0000000016f60000, 0x000000001af60000)

Polling page: 0x0000000000b80000

CodeCache: size=245760Kb used=328Kb max_used=328Kb free=245431Kb
 bounds [0x0000000002630000, 0x00000000028a0000, 0x0000000011630000]
 total_blobs=57 nmethods=0 adapters=37
 compilation: enabled

Compilation events (0 events):
No events

GC Heap History (0 events):
No events

Deoptimization events (0 events):
No events

Internal exceptions (0 events):
No events

Events (10 events):
Event: 0.686 loading class java/lang/Short
Event: 0.686 loading class java/lang/Short done
Event: 0.686 loading class java/lang/Integer
Event: 0.686 loading class java/lang/Integer done
Event: 0.686 loading class java/lang/Long
Event: 0.686 loading class java/lang/Long done
Event: 0.688 loading class java/lang/NullPointerException
Event: 0.688 loading class java/lang/NullPointerException done
Event: 0.688 loading class java/lang/ArithmeticException
Event: 0.688 loading class java/lang/ArithmeticException done


Dynamic libraries:
0x00007ff6c4450000 - 0x00007ff6c4487000 	C:\Program Files\Java\jdk1.8.0_60\bin\java.exe
0x00007ffc4ffe0000 - 0x00007ffc50186000 	C:\Windows\SYSTEM32\ntdll.dll
0x00007ffc4ee60000 - 0x00007ffc4ef9a000 	C:\Windows\system32\KERNEL32.DLL
0x00007ffc4d420000 - 0x00007ffc4d52f000 	C:\Windows\system32\KERNELBASE.dll
0x00007ffc4bf60000 - 0x00007ffc4bfe8000 	C:\Windows\system32\apphelp.dll
0x00007ffc40400000 - 0x00007ffc4044f000 	C:\Windows\AppPatch\AppPatch64\AcGenral.DLL
0x00007ffc4f050000 - 0x00007ffc4f0f7000 	C:\Windows\system32\msvcrt.dll
0x00007ffc4d200000 - 0x00007ffc4d22b000 	C:\Windows\SYSTEM32\SspiCli.dll
0x00007ffc4f100000 - 0x00007ffc4f151000 	C:\Windows\system32\SHLWAPI.dll
0x00007ffc4f990000 - 0x00007ffc4fb01000 	C:\Windows\system32\USER32.dll
0x00007ffc4f810000 - 0x00007ffc4f988000 	C:\Windows\system32\ole32.dll
0x00007ffc4d900000 - 0x00007ffc4ed0f000 	C:\Windows\system32\SHELL32.dll
0x00007ffc4c980000 - 0x00007ffc4c99e000 	C:\Windows\SYSTEM32\USERENV.dll
0x00007ffc4efa0000 - 0x00007ffc4f045000 	C:\Windows\system32\ADVAPI32.dll
0x00007ffc3a210000 - 0x00007ffc3a22b000 	C:\Windows\SYSTEM32\MPR.dll
0x00007ffc4f160000 - 0x00007ffc4f297000 	C:\Windows\system32\RPCRT4.dll
0x00007ffc4ff80000 - 0x00007ffc4ffd7000 	C:\Windows\SYSTEM32\sechost.dll
0x00007ffc4f2a0000 - 0x00007ffc4f476000 	C:\Windows\SYSTEM32\combase.dll
0x00007ffc4f620000 - 0x00007ffc4f764000 	C:\Windows\system32\GDI32.dll
0x00007ffc4d350000 - 0x00007ffc4d364000 	C:\Windows\SYSTEM32\profapi.dll
0x00007ffc4b970000 - 0x00007ffc4ba0f000 	C:\Windows\SYSTEM32\SHCORE.dll
0x00007ffc4d860000 - 0x00007ffc4d894000 	C:\Windows\system32\IMM32.DLL
0x00007ffc4f480000 - 0x00007ffc4f5b9000 	C:\Windows\system32\MSCTF.dll
0x00007ffc4b540000 - 0x00007ffc4b79a000 	C:\Windows\WinSxS\amd64_microsoft.windows.common-controls_6595b64144ccf1df_6.0.9600.17031_none_6242a4b3ecbb55a1\COMCTL32.dll
0x000000005ce40000 - 0x000000005cf12000 	C:\Program Files\Java\jdk1.8.0_60\jre\bin\msvcr100.dll
0x000000005d790000 - 0x000000005e019000 	C:\Program Files\Java\jdk1.8.0_60\jre\bin\server\jvm.dll
0x00007ffc2d6c0000 - 0x00007ffc2d6c9000 	C:\Windows\SYSTEM32\WSOCK32.dll
0x00007ffc4b000000 - 0x00007ffc4b01f000 	C:\Windows\SYSTEM32\WINMM.dll
0x00007ffc4b020000 - 0x00007ffc4b02a000 	C:\Windows\SYSTEM32\VERSION.dll
0x00007ffc4ff50000 - 0x00007ffc4ff57000 	C:\Windows\system32\PSAPI.DLL
0x00007ffc4d8a0000 - 0x00007ffc4d8f8000 	C:\Windows\system32\WS2_32.dll
0x00007ffc4ae40000 - 0x00007ffc4ae6a000 	C:\Windows\SYSTEM32\WINMMBASE.dll
0x00007ffc4ff60000 - 0x00007ffc4ff69000 	C:\Windows\system32\NSI.dll
0x00007ffc4d5e0000 - 0x00007ffc4d62a000 	C:\Windows\SYSTEM32\cfgmgr32.dll
0x00007ffc4c1b0000 - 0x00007ffc4c1d6000 	C:\Windows\SYSTEM32\DEVOBJ.dll
0x000000005d780000 - 0x000000005d78f000 	C:\Program Files\Java\jdk1.8.0_60\jre\bin\verify.dll
0x000000005d750000 - 0x000000005d779000 	C:\Program Files\Java\jdk1.8.0_60\jre\bin\java.dll
0x000000005d730000 - 0x000000005d746000 	C:\Program Files\Java\jdk1.8.0_60\jre\bin\zip.dll

VM Arguments:
jvm_args: -Djava.awt.headless=true -Xmx4g -Dfile.encoding=windows-1252 -Duser.country=US -Duser.language=en -Duser.variant 
java_command: com.android.dx.command.Main --dex --force-jumbo --num-threads=4 --multi-dex --output C:\Users\chanpc\Downloads\reportapp\app\build\intermediates\transforms\dex\debug\folders\1000\10\com.twitter.sdk.android-twitter-2.0.0_6a33eaa565815bd0114256e346b64ff392294a47 C:\Users\chanpc\Downloads\reportapp\app\build\intermediates\exploded-aar\com.twitter.sdk.android\twitter\2.0.0\jars\classes.jar
java_class_path (initial): C:\Users\chanpc\Documents\SDK\build-tools\23.0.2\lib\dx.jar
Launcher Type: SUN_STANDARD

Environment Variables:
PATH=C:\ProgramData\Oracle\Java\javapath;C:\Program Files (x86)\Intel\iCLS Client\;C:\Program Files\Intel\iCLS Client\;C:\Program Files (x86)\NVIDIA Corporation\PhysX\Common;C:\Windows\system32;C:\Windows;C:\Windows\System32\Wbem;C:\Windows\System32\WindowsPowerShell\v1.0\;C:\Program Files\Intel\Intel(R) Management Engine Components\DAL;C:\Program Files\Intel\Intel(R) Management Engine Components\IPT;C:\Program Files (x86)\Intel\Intel(R) Management Engine Components\DAL;C:\Program Files (x86)\Intel\Intel(R) Management Engine Components\IPT;C:\Program Files (x86)\Windows Kits\8.1\Windows Performance Toolkit\;C:\Program Files\nodejs\;C:\Program Files\Git\cmd;C:\Program Files\MongoDB\Server\3.2\bin;C:\Users\chanpc\AppData\Roaming\npm
USERNAME=chanpc
OS=Windows_NT
PROCESSOR_IDENTIFIER=Intel64 Family 6 Model 60 Stepping 3, GenuineIntel



---------------  S Y S T E M  ---------------

OS: Windows 8.1 , 64 bit Build 9600 (6.3.9600.17056)

CPU:total 8 (4 cores per cpu, 2 threads per core) family 6 model 60 stepping 3, cmov, cx8, fxsr, mmx, sse, sse2, sse3, ssse3, sse4.1, sse4.2, popcnt, avx, avx2, aes, clmul, erms, lzcnt, ht, tsc, tscinvbit, bmi1, bmi2

Memory: 4k page, physical 8281452k(1428764k free), swap 11427180k(17260k free)

vm_info: Java HotSpot(TM) 64-Bit Server VM (25.60-b23) for windows-amd64 JRE (1.8.0_60-b27), built on Aug  4 2015 11:06:27 by "java_re" with MS VC++ 10.0 (VS2010)

time: Wed Aug 24 14:30:30 2016
elapsed time: 0 seconds (0d 0h 0m 0s)

