#
# There is insufficient memory for the Java Runtime Environment to continue.
# Native memory allocation (malloc) failed to allocate 1295936 bytes for Chunk::new
# Possible reasons:
#   The system is out of physical RAM or swap space
#   In 32 bit mode, the process size limit was hit
# Possible solutions:
#   Reduce memory load on the system
#   Increase physical memory or swap space
#   Check if swap backing store is full
#   Use 64 bit Java on a 64 bit OS
#   Decrease Java heap size (-Xmx/-Xms)
#   Decrease number of Java threads
#   Decrease Java thread stack sizes (-Xss)
#   Set larger code cache with -XX:ReservedCodeCacheSize=
# This output file may be truncated or incomplete.
#
#  Out of Memory Error (allocation.cpp:390), pid=6320, tid=5772
#
# JRE version: Java(TM) SE Runtime Environment (8.0_60-b27) (build 1.8.0_60-b27)
# Java VM: Java HotSpot(TM) 64-Bit Server VM (25.60-b23 mixed mode windows-amd64 compressed oops)
# Failed to write core dump. Minidumps are not enabled by default on client versions of Windows
#

---------------  T H R E A D  ---------------

Current thread (0x000000001e926800):  JavaThread "C2 CompilerThread1" daemon [_thread_in_native, id=5772, stack(0x000000001efd0000,0x000000001f0d0000)]

Stack: [0x000000001efd0000,0x000000001f0d0000]
[error occurred during error reporting (printing stack bounds), id 0xc0000005]

Native frames: (J=compiled Java code, j=interpreted, Vv=VM code, C=native code)


Current CompileTask:
C2:   4534 2188       4       com.android.dx.dex.code.OutputFinisher::getAllConstants (47 bytes)


---------------  P R O C E S S  ---------------

Java Threads: ( => current thread )
  0x000000001ebad800 JavaThread "pool-1-thread-1" [_thread_in_Java, id=7796, stack(0x000000001fdd0000,0x000000001fed0000)]
  0x000000001e980000 JavaThread "Service Thread" daemon [_thread_blocked, id=7492, stack(0x000000001f2d0000,0x000000001f3d0000)]
  0x000000001e968000 JavaThread "C1 CompilerThread3" daemon [_thread_blocked, id=3488, stack(0x000000001f1d0000,0x000000001f2d0000)]
  0x000000001e951000 JavaThread "C2 CompilerThread2" daemon [_thread_in_native, id=2264, stack(0x000000001f0d0000,0x000000001f1d0000)]
=>0x000000001e926800 JavaThread "C2 CompilerThread1" daemon [_thread_in_native, id=5772, stack(0x000000001efd0000,0x000000001f0d0000)]
  0x000000001e902800 JavaThread "C2 CompilerThread0" daemon [_thread_in_native, id=6316, stack(0x000000001eed0000,0x000000001efd0000)]
  0x000000001e900800 JavaThread "Attach Listener" daemon [_thread_blocked, id=1244, stack(0x000000001edd0000,0x000000001eed0000)]
  0x000000001e8ff800 JavaThread "Signal Dispatcher" daemon [_thread_blocked, id=7960, stack(0x000000001ecd0000,0x000000001edd0000)]
  0x0000000002b29000 JavaThread "Finalizer" daemon [_thread_blocked, id=7596, stack(0x000000001e5a0000,0x000000001e6a0000)]
  0x0000000002b22000 JavaThread "Reference Handler" daemon [_thread_blocked, id=3512, stack(0x000000001e4a0000,0x000000001e5a0000)]
  0x0000000002a30800 JavaThread "main" [_thread_blocked, id=1176, stack(0x0000000002900000,0x0000000002a00000)]

Other Threads:
  0x000000001c6c9800 VMThread [stack: 0x000000001e3a0000,0x000000001e4a0000] [id=7772]
  0x000000001e982000 WatcherThread [stack: 0x000000001f3d0000,0x000000001f4d0000] [id=1508]

VM state:not at safepoint (normal execution)

VM Mutex/Monitor currently owned by a thread: None

Heap:
 PSYoungGen      total 138240K, used 12958K [0x000000076ab00000, 0x000000077e100000, 0x00000007c0000000)
  eden space 133120K, 5% used [0x000000076ab00000,0x000000076b2a7de0,0x0000000772d00000)
  from space 5120K, 99% used [0x0000000772d00000,0x00000007731ffbe0,0x0000000773200000)
  to   space 25600K, 0% used [0x000000077c800000,0x000000077c800000,0x000000077e100000)
 ParOldGen       total 87552K, used 42476K [0x00000006c0000000, 0x00000006c5580000, 0x000000076ab00000)
  object space 87552K, 48% used [0x00000006c0000000,0x00000006c297b008,0x00000006c5580000)
 Metaspace       used 6569K, capacity 7256K, committed 7424K, reserved 1056768K
  class space    used 629K, capacity 656K, committed 768K, reserved 1048576K

Card table byte_map: [0x0000000011f70000,0x0000000012780000] byte_map_base: 0x000000000e970000

Marking Bits: (ParMarkBitMap*) 0x000000005df9a5b0
 Begin Bits: [0x00000000134e0000, 0x00000000174e0000)
 End Bits:   [0x00000000174e0000, 0x000000001b4e0000)

Polling page: 0x0000000001160000

CodeCache: size=245760Kb used=8771Kb max_used=8771Kb free=236988Kb
 bounds [0x0000000002bb0000, 0x0000000003450000, 0x0000000011bb0000]
 total_blobs=2334 nmethods=2064 adapters=182
 compilation: enabled

Compilation events (10 events):
Event: 4.452 Thread 0x000000001e968000 2208       2       com.android.dx.dex.file.TypeListItem::<init> (21 bytes)
Event: 4.453 Thread 0x000000001e968000 nmethod 2208 0x000000000340e490 code [0x000000000340e600, 0x000000000340e7d8]
Event: 4.454 Thread 0x000000001e968000 2209  s    2       com.android.dx.dex.file.ProtoIdsSection::intern (55 bytes)
Event: 4.454 Thread 0x000000001e968000 nmethod 2209 0x000000000340da10 code [0x000000000340dbc0, 0x000000000340e128]
Event: 4.455 Thread 0x000000001e968000 2210       2       java.lang.StringBuilder::<init> (6 bytes)
Event: 4.455 Thread 0x000000001e968000 nmethod 2210 0x000000000340d610 code [0x000000000340d760, 0x000000000340d950]
Event: 4.455 Thread 0x000000001e968000 2211       2       com.android.dx.dex.file.ProtoIdItem::makeShortForm (74 bytes)
Event: 4.457 Thread 0x000000001e968000 nmethod 2211 0x0000000003444110 code [0x0000000003444300, 0x0000000003444a28]
Event: 4.457 Thread 0x000000001e968000 2212       2       com.android.dx.dex.file.ProtoIdItem::<init> (60 bytes)
Event: 4.458 Thread 0x000000001e968000 nmethod 2212 0x0000000003445410 code [0x00000000034455a0, 0x0000000003445948]

GC Heap History (10 events):
Event: 0.747 GC heap before
{Heap before GC invocations=1 (full 0):
 PSYoungGen      total 38400K, used 33280K [0x000000076ab00000, 0x000000076d580000, 0x00000007c0000000)
  eden space 33280K, 100% used [0x000000076ab00000,0x000000076cb80000,0x000000076cb80000)
  from space 5120K, 0% used [0x000000076d080000,0x000000076d080000,0x000000076d580000)
  to   space 5120K, 0% used [0x000000076cb80000,0x000000076cb80000,0x000000076d080000)
 ParOldGen       total 87552K, used 0K [0x00000006c0000000, 0x00000006c5580000, 0x000000076ab00000)
  object space 87552K, 0% used [0x00000006c0000000,0x00000006c0000000,0x00000006c5580000)
 Metaspace       used 5885K, capacity 6832K, committed 7040K, reserved 1056768K
  class space    used 601K, capacity 616K, committed 640K, reserved 1048576K
Event: 0.756 GC heap after
Heap after GC invocations=1 (full 0):
 PSYoungGen      total 38400K, used 5088K [0x000000076ab00000, 0x000000076f600000, 0x00000007c0000000)
  eden space 33280K, 0% used [0x000000076ab00000,0x000000076ab00000,0x000000076cb80000)
  from space 5120K, 99% used [0x000000076cb80000,0x000000076d0783c0,0x000000076d080000)
  to   space 5120K, 0% used [0x000000076f100000,0x000000076f100000,0x000000076f600000)
 ParOldGen       total 87552K, used 1066K [0x00000006c0000000, 0x00000006c5580000, 0x000000076ab00000)
  object space 87552K, 1% used [0x00000006c0000000,0x00000006c010a9a0,0x00000006c5580000)
 Metaspace       used 5885K, capacity 6832K, committed 7040K, reserved 1056768K
  class space    used 601K, capacity 616K, committed 640K, reserved 1048576K
}
Event: 1.141 GC heap before
{Heap before GC invocations=2 (full 0):
 PSYoungGen      total 38400K, used 38368K [0x000000076ab00000, 0x000000076f600000, 0x00000007c0000000)
  eden space 33280K, 100% used [0x000000076ab00000,0x000000076cb80000,0x000000076cb80000)
  from space 5120K, 99% used [0x000000076cb80000,0x000000076d0783c0,0x000000076d080000)
  to   space 5120K, 0% used [0x000000076f100000,0x000000076f100000,0x000000076f600000)
 ParOldGen       total 87552K, used 1066K [0x00000006c0000000, 0x00000006c5580000, 0x000000076ab00000)
  object space 87552K, 1% used [0x00000006c0000000,0x00000006c010a9a0,0x00000006c5580000)
 Metaspace       used 6105K, capacity 7024K, committed 7296K, reserved 1056768K
  class space    used 602K, capacity 616K, committed 640K, reserved 1048576K
Event: 1.183 GC heap after
Heap after GC invocations=2 (full 0):
 PSYoungGen      total 71680K, used 5105K [0x000000076ab00000, 0x000000076f600000, 0x00000007c0000000)
  eden space 66560K, 0% used [0x000000076ab00000,0x000000076ab00000,0x000000076ec00000)
  from space 5120K, 99% used [0x000000076f100000,0x000000076f5fc5c0,0x000000076f600000)
  to   space 5120K, 0% used [0x000000076ec00000,0x000000076ec00000,0x000000076f100000)
 ParOldGen       total 87552K, used 5043K [0x00000006c0000000, 0x00000006c5580000, 0x000000076ab00000)
  object space 87552K, 5% used [0x00000006c0000000,0x00000006c04eccb0,0x00000006c5580000)
 Metaspace       used 6105K, capacity 7024K, committed 7296K, reserved 1056768K
  class space    used 602K, capacity 616K, committed 640K, reserved 1048576K
}
Event: 1.582 GC heap before
{Heap before GC invocations=3 (full 0):
 PSYoungGen      total 71680K, used 71665K [0x000000076ab00000, 0x000000076f600000, 0x00000007c0000000)
  eden space 66560K, 100% used [0x000000076ab00000,0x000000076ec00000,0x000000076ec00000)
  from space 5120K, 99% used [0x000000076f100000,0x000000076f5fc5c0,0x000000076f600000)
  to   space 5120K, 0% used [0x000000076ec00000,0x000000076ec00000,0x000000076f100000)
 ParOldGen       total 87552K, used 5043K [0x00000006c0000000, 0x00000006c5580000, 0x000000076ab00000)
  object space 87552K, 5% used [0x00000006c0000000,0x00000006c04eccb0,0x00000006c5580000)
 Metaspace       used 6259K, capacity 7088K, committed 7296K, reserved 1056768K
  class space    used 602K, capacity 616K, committed 640K, reserved 1048576K
Event: 1.646 GC heap after
Heap after GC invocations=3 (full 0):
 PSYoungGen      total 71680K, used 5104K [0x000000076ab00000, 0x0000000773700000, 0x00000007c0000000)
  eden space 66560K, 0% used [0x000000076ab00000,0x000000076ab00000,0x000000076ec00000)
  from space 5120K, 99% used [0x000000076ec00000,0x000000076f0fc298,0x000000076f100000)
  to   space 5120K, 0% used [0x0000000773200000,0x0000000773200000,0x0000000773700000)
 ParOldGen       total 87552K, used 14852K [0x00000006c0000000, 0x00000006c5580000, 0x000000076ab00000)
  object space 87552K, 16% used [0x00000006c0000000,0x00000006c0e81208,0x00000006c5580000)
 Metaspace       used 6259K, capacity 7088K, committed 7296K, reserved 1056768K
  class space    used 602K, capacity 616K, committed 640K, reserved 1048576K
}
Event: 2.190 GC heap before
{Heap before GC invocations=4 (full 0):
 PSYoungGen      total 71680K, used 71664K [0x000000076ab00000, 0x0000000773700000, 0x00000007c0000000)
  eden space 66560K, 100% used [0x000000076ab00000,0x000000076ec00000,0x000000076ec00000)
  from space 5120K, 99% used [0x000000076ec00000,0x000000076f0fc298,0x000000076f100000)
  to   space 5120K, 0% used [0x0000000773200000,0x0000000773200000,0x0000000773700000)
 ParOldGen       total 87552K, used 14852K [0x00000006c0000000, 0x00000006c5580000, 0x000000076ab00000)
  object space 87552K, 16% used [0x00000006c0000000,0x00000006c0e81208,0x00000006c5580000)
 Metaspace       used 6375K, capacity 7192K, committed 7424K, reserved 1056768K
  class space    used 623K, capacity 656K, committed 768K, reserved 1048576K
Event: 2.297 GC heap after
Heap after GC invocations=4 (full 0):
 PSYoungGen      total 138240K, used 5089K [0x000000076ab00000, 0x0000000773700000, 0x00000007c0000000)
  eden space 133120K, 0% used [0x000000076ab00000,0x000000076ab00000,0x0000000772d00000)
  from space 5120K, 99% used [0x0000000773200000,0x00000007736f85a0,0x0000000773700000)
  to   space 5120K, 0% used [0x0000000772d00000,0x0000000772d00000,0x0000000773200000)
 ParOldGen       total 87552K, used 23972K [0x00000006c0000000, 0x00000006c5580000, 0x000000076ab00000)
  object space 87552K, 27% used [0x00000006c0000000,0x00000006c1769078,0x00000006c5580000)
 Metaspace       used 6375K, capacity 7192K, committed 7424K, reserved 1056768K
  class space    used 623K, capacity 656K, committed 768K, reserved 1048576K
}
Event: 3.747 GC heap before
{Heap before GC invocations=5 (full 0):
 PSYoungGen      total 138240K, used 138209K [0x000000076ab00000, 0x0000000773700000, 0x00000007c0000000)
  eden space 133120K, 100% used [0x000000076ab00000,0x0000000772d00000,0x0000000772d00000)
  from space 5120K, 99% used [0x0000000773200000,0x00000007736f85a0,0x0000000773700000)
  to   space 5120K, 0% used [0x0000000772d00000,0x0000000772d00000,0x0000000773200000)
 ParOldGen       total 87552K, used 23972K [0x00000006c0000000, 0x00000006c5580000, 0x000000076ab00000)
  object space 87552K, 27% used [0x00000006c0000000,0x00000006c1769078,0x00000006c5580000)
 Metaspace       used 6470K, capacity 7192K, committed 7424K, reserved 1056768K
  class space    used 624K, capacity 656K, committed 768K, reserved 1048576K
Event: 3.805 GC heap after
Heap after GC invocations=5 (full 0):
 PSYoungGen      total 138240K, used 5118K [0x000000076ab00000, 0x000000077e100000, 0x00000007c0000000)
  eden space 133120K, 0% used [0x000000076ab00000,0x000000076ab00000,0x0000000772d00000)
  from space 5120K, 99% used [0x0000000772d00000,0x00000007731ffbe0,0x0000000773200000)
  to   space 25600K, 0% used [0x000000077c800000,0x000000077c800000,0x000000077e100000)
 ParOldGen       total 87552K, used 42476K [0x00000006c0000000, 0x00000006c5580000, 0x000000076ab00000)
  object space 87552K, 48% used [0x00000006c0000000,0x00000006c297b008,0x00000006c5580000)
 Metaspace       used 6470K, capacity 7192K, committed 7424K, reserved 1056768K
  class space    used 624K, capacity 656K, committed 768K, reserved 1048576K
}

Deoptimization events (10 events):
Event: 2.583 Thread 0x000000001eba7000 Uncommon trap: reason=bimorphic action=maybe_recompile pc=0x00000000031fd480 method=com.android.dx.rop.code.RegisterSpec.withSimpleType()Lcom/android/dx/rop/code/RegisterSpec; @ 21
Event: 2.591 Thread 0x0000000002a30800 Uncommon trap: reason=unstable_if action=reinterpret pc=0x0000000002f8e4b0 method=java.util.HashMap.putVal(ILjava/lang/Object;Ljava/lang/Object;ZZ)Ljava/lang/Object; @ 162
Event: 2.750 Thread 0x000000001eba7000 Uncommon trap: reason=bimorphic action=maybe_recompile pc=0x00000000031fd480 method=com.android.dx.rop.code.RegisterSpec.withSimpleType()Lcom/android/dx/rop/code/RegisterSpec; @ 21
Event: 3.224 Thread 0x000000001ec21800 Uncommon trap: reason=unstable_if action=reinterpret pc=0x000000000331b9ec method=com.android.dx.ssa.SCCP.simulateBranch(Lcom/android/dx/ssa/SsaInsn;)V @ 548
Event: 3.400 Thread 0x000000001eba9000 Uncommon trap: reason=unstable_if action=reinterpret pc=0x00000000032e17fc method=com.android.dx.rop.cst.CstNat.equals(Ljava/lang/Object;)Z @ 25
Event: 4.167 Thread 0x000000001ebad800 Uncommon trap: reason=class_check action=maybe_recompile pc=0x0000000002f54600 method=java.util.Arrays.hashCode([Ljava/lang/Object;)I @ 43
Event: 4.167 Thread 0x000000001ebad800 Uncommon trap: reason=class_check action=maybe_recompile pc=0x0000000002f54600 method=java.util.Arrays.hashCode([Ljava/lang/Object;)I @ 43
Event: 4.167 Thread 0x000000001ebad800 Uncommon trap: reason=class_check action=maybe_recompile pc=0x0000000002f54600 method=java.util.Arrays.hashCode([Ljava/lang/Object;)I @ 43
Event: 4.167 Thread 0x000000001ebad800 Uncommon trap: reason=class_check action=maybe_recompile pc=0x0000000002f54600 method=java.util.Arrays.hashCode([Ljava/lang/Object;)I @ 43
Event: 4.168 Thread 0x000000001ebad800 Uncommon trap: reason=class_check action=maybe_recompile pc=0x0000000002f599f4 method=java.util.Arrays.hashCode([Ljava/lang/Object;)I @ 43

Internal exceptions (5 events):
Event: 0.063 Thread 0x0000000002a30800 Exception <a 'java/lang/NoSuchMethodError': Method sun.misc.Unsafe.defineClass(Ljava/lang/String;[BII)Ljava/lang/Class; name or signature does not match> (0x000000076ab0d6e0) thrown at [C:\re\workspace\8-2-build-windows-amd64-cygwin\jdk8u60\4407\hotspot\srÃd÷A…	∞?
Event: 0.063 Thread 0x0000000002a30800 Exception <a 'java/lang/NoSuchMethodError': Method sun.misc.Unsafe.prefetchRead(Ljava/lang/Object;J)V name or signature does not match> (0x000000076ab0d9c8) thrown at [C:\re\workspace\8-2-build-windows-amd64-cygwin\jdk8u60\4407\hotspot\src\share\vm\prims\jcên•°¸?
Event: 1.789 Thread 0x000000001eba7000 Exception <a 'java/lang/ArrayIndexOutOfBoundsException': 18> (0x000000076c8a0cf8) thrown at [C:\re\workspace\8-2-build-windows-amd64-cygwin\jdk8u60\4407\hotspot\src\share\vm\interpreter\interpreterRuntime.cpp, line 366]
Event: 1.790 Thread 0x000000001eba7000 Exception <a 'java/lang/ArrayIndexOutOfBoundsException'> (0x000000076c8a2878) thrown at [C:\re\workspace\8-2-build-windows-amd64-cygwin\jdk8u60\4407\hotspot\src\share\vm\runtime\sharedRuntime.cpp, line 605]
Event: 1.791 Thread 0x000000001eba7000 Exception <a 'java/lang/ArrayIndexOutOfBoundsException'> (0x000000076c8a3b60) thrown at [C:\re\workspace\8-2-build-windows-amd64-cygwin\jdk8u60\4407\hotspot\src\share\vm\runtime\sharedRuntime.cpp, line 605]

Events (10 events):
Event: 4.249 Thread 0x000000001ebad800 DEOPT PACKING pc=0x00000000034047d5 sp=0x000000001fecedd0
Event: 4.249 Thread 0x000000001ebad800 DEOPT UNPACKING pc=0x0000000002bf787f sp=0x000000001feceb18 mode 0
Event: 4.280 Thread 0x000000001ebad800 DEOPT PACKING pc=0x000000000340795c sp=0x000000001fecee80
Event: 4.280 Thread 0x000000001ebad800 DEOPT UNPACKING pc=0x0000000002bf787f sp=0x000000001fecebd0 mode 0
Event: 4.296 Thread 0x000000001ebad800 DEOPT PACKING pc=0x0000000003408600 sp=0x000000001fecef10
Event: 4.296 Thread 0x000000001ebad800 DEOPT UNPACKING pc=0x0000000002bf787f sp=0x000000001fecec90 mode 0
Event: 4.336 Thread 0x000000001ebad800 DEOPT PACKING pc=0x000000000311f719 sp=0x000000001fecee50
Event: 4.336 Thread 0x000000001ebad800 DEOPT UNPACKING pc=0x0000000002bf787f sp=0x000000001feceb80 mode 0
Event: 4.369 loading class com/android/dx/dex/file/ProtoIdItem
Event: 4.369 loading class com/android/dx/dex/file/ProtoIdItem done


Dynamic libraries:
0x00007ff6c4450000 - 0x00007ff6c4487000 	C:\Program Files\Java\jdk1.8.0_60\bin\java.exe
0x00007ffc4ffe0000 - 0x00007ffc50186000 	C:\Windows\SYSTEM32\ntdll.dll
0x00007ffc4ee60000 - 0x00007ffc4ef9a000 	C:\Windows\system32\KERNEL32.DLL
0x00007ffc4d420000 - 0x00007ffc4d52f000 	C:\Windows\system32\KERNELBASE.dll
0x00007ffc4bf60000 - 0x00007ffc4bfe8000 	C:\Windows\system32\apphelp.dll
0x00007ffc40400000 - 0x00007ffc4044f000 	C:\Windows\AppPatch\AppPatch64\AcGenral.DLL
0x00007ffc4f050000 - 0x00007ffc4f0f7000 	C:\Windows\system32\msvcrt.dll
0x00007ffc4d200000 - 0x00007ffc4d22b000 	C:\Windows\SYSTEM32\SspiCli.dll
0x00007ffc4f100000 - 0x00007ffc4f151000 	C:\Windows\system32\SHLWAPI.dll
0x00007ffc4f990000 - 0x00007ffc4fb01000 	C:\Windows\system32\USER32.dll
0x00007ffc4f810000 - 0x00007ffc4f988000 	C:\Windows\system32\ole32.dll
0x00007ffc4d900000 - 0x00007ffc4ed0f000 	C:\Windows\system32\SHELL32.dll
0x00007ffc4c980000 - 0x00007ffc4c99e000 	C:\Windows\SYSTEM32\USERENV.dll
0x00007ffc4efa0000 - 0x00007ffc4f045000 	C:\Windows\system32\ADVAPI32.dll
0x00007ffc3a210000 - 0x00007ffc3a22b000 	C:\Windows\SYSTEM32\MPR.dll
0x00007ffc4f160000 - 0x00007ffc4f297000 	C:\Windows\system32\RPCRT4.dll
0x00007ffc4ff80000 - 0x00007ffc4ffd7000 	C:\Windows\SYSTEM32\sechost.dll
0x00007ffc4f2a0000 - 0x00007ffc4f476000 	C:\Windows\SYSTEM32\combase.dll
0x00007ffc4f620000 - 0x00007ffc4f764000 	C:\Windows\system32\GDI32.dll
0x00007ffc4d350000 - 0x00007ffc4d364000 	C:\Windows\SYSTEM32\profapi.dll
0x00007ffc4b970000 - 0x00007ffc4ba0f000 	C:\Windows\SYSTEM32\SHCORE.dll
0x00007ffc4d860000 - 0x00007ffc4d894000 	C:\Windows\system32\IMM32.DLL
0x00007ffc4f480000 - 0x00007ffc4f5b9000 	C:\Windows\system32\MSCTF.dll
0x00007ffc4b540000 - 0x00007ffc4b79a000 	C:\Windows\WinSxS\amd64_microsoft.windows.common-controls_6595b64144ccf1df_6.0.9600.17031_none_6242a4b3ecbb55a1\COMCTL32.dll
0x000000005ce40000 - 0x000000005cf12000 	C:\Program Files\Java\jdk1.8.0_60\jre\bin\msvcr100.dll
0x000000005d790000 - 0x000000005e019000 	C:\Program Files\Java\jdk1.8.0_60\jre\bin\server\jvm.dll
0x00007ffc2d6c0000 - 0x00007ffc2d6c9000 	C:\Windows\SYSTEM32\WSOCK32.dll
0x00007ffc4b000000 - 0x00007ffc4b01f000 	C:\Windows\SYSTEM32\WINMM.dll
0x00007ffc4b020000 - 0x00007ffc4b02a000 	C:\Windows\SYSTEM32\VERSION.dll
0x00007ffc4ff50000 - 0x00007ffc4ff57000 	C:\Windows\system32\PSAPI.DLL
0x00007ffc4d8a0000 - 0x00007ffc4d8f8000 	C:\Windows\system32\WS2_32.dll
0x00007ffc4ae40000 - 0x00007ffc4ae6a000 	C:\Windows\SYSTEM32\WINMMBASE.dll
0x00007ffc4ff60000 - 0x00007ffc4ff69000 	C:\Windows\system32\NSI.dll
0x00007ffc4d5e0000 - 0x00007ffc4d62a000 	C:\Windows\SYSTEM32\cfgmgr32.dll
0x00007ffc4c1b0000 - 0x00007ffc4c1d6000 	C:\Windows\SYSTEM32\DEVOBJ.dll
0x000000005d780000 - 0x000000005d78f000 	C:\Program Files\Java\jdk1.8.0_60\jre\bin\verify.dll
0x000000005d750000 - 0x000000005d779000 	C:\Program Files\Java\jdk1.8.0_60\jre\bin\java.dll
0x000000005d730000 - 0x000000005d746000 	C:\Program Files\Java\jdk1.8.0_60\jre\bin\zip.dll

VM Arguments:
jvm_args: -Djava.awt.headless=true -Xmx4g -Dfile.encoding=windows-1252 -Duser.country=US -Duser.language=en -Duser.variant 
java_command: com.android.dx.command.Main --dex --force-jumbo --num-threads=4 --multi-dex --output C:\Users\chanpc\Downloads\reportapp\app\build\intermediates\transforms\dex\debug\folders\1000\10\com.android.support-appcompat-v7-23.4.0_a886d7c17f0d32aaafea52f3cdc81f4fef49e067 C:\Users\chanpc\Downloads\reportapp\app\build\intermediates\exploded-aar\com.android.support\appcompat-v7\23.4.0\jars\classes.jar
java_class_path (initial): C:\Users\chanpc\Documents\SDK\build-tools\23.0.2\lib\dx.jar
Launcher Type: SUN_STANDARD

Environment Variables:
PATH=C:\ProgramData\Oracle\Java\javapath;C:\Program Files (x86)\Intel\iCLS Client\;C:\Program Files\Intel\iCLS Client\;C:\Program Files (x86)\NVIDIA Corporation\PhysX\Common;C:\Windows\system32;C:\Windows;C:\Windows\System32\Wbem;C:\Windows\System32\WindowsPowerShell\v1.0\;C:\Program Files\Intel\Intel(R) Management Engine Components\DAL;C:\Program Files\Intel\Intel(R) Management Engine Components\IPT;C:\Program Files (x86)\Intel\Intel(R) Management Engine Components\DAL;C:\Program Files (x86)\Intel\Intel(R) Management Engine Components\IPT;C:\Program Files (x86)\Windows Kits\8.1\Windows Performance Toolkit\;C:\Program Files\nodejs\;C:\Program Files\Git\cmd;C:\Program Files\MongoDB\Server\3.2\bin;C:\Users\chanpc\AppData\Roaming\npm
USERNAME=chanpc
OS=Windows_NT
PROCESSOR_IDENTIFIER=Intel64 Family 6 Model 60 Stepping 3, GenuineIntel



---------------  S Y S T E M  ---------------

OS: Windows 8.1 , 64 bit Build 9600 (6.3.9600.17056)

CPU:total 8 (4 cores per cpu, 2 threads per core) family 6 model 60 stepping 3, cmov, cx8, fxsr, mmx, sse, sse2, sse3, ssse3, sse4.1, sse4.2, popcnt, avx, avx2, aes, clmul, erms, lzcnt, ht, tsc, tscinvbit, bmi1, bmi2

Memory: 4k page, physical 8281452k(1428764k free), swap 11427180k(17276k free)

vm_info: Java HotSpot(TM) 64-Bit Server VM (25.60-b23) for windows-amd64 JRE (1.8.0_60-b27), built on Aug  4 2015 11:06:27 by "java_re" with MS VC++ 10.0 (VS2010)

time: Wed Aug 24 14:30:30 2016
elapsed time: 4 seconds (0d 0h 0m 4s)

